<?xml version="1.0" encoding="UTF-8"?>
<robot generator="Robot 3.1.2 (Python 3.8.1 on darwin)" generated="20200426 12:10:08.741" rpa="true">
<suite id="s1" name="RobotFramework Python" source="/Users/waquaralam/eclipse_data/RobotFramework_Python">
<suite id="s1-s1" name="TS2" source="/Users/waquaralam/eclipse_data/RobotFramework_Python/TS2.robot">
<test id="s1-s1-t1" name="TC1">
<kw name="Log" library="BuiltIn">
<doc>Logs the given message with the given level.</doc>
<arguments>
<arg>testmessage1</arg>
</arguments>
<msg timestamp="20200426 12:10:08.803" level="INFO">testmessage1</msg>
<status status="PASS" starttime="20200426 12:10:08.803" endtime="20200426 12:10:08.804"></status>
</kw>
<kw name="Log" library="BuiltIn">
<doc>Logs the given message with the given level.</doc>
<arguments>
<arg>testmessage2</arg>
</arguments>
<msg timestamp="20200426 12:10:08.805" level="INFO">testmessage2</msg>
<status status="PASS" starttime="20200426 12:10:08.804" endtime="20200426 12:10:08.805"></status>
</kw>
<kw name="Log" library="BuiltIn">
<doc>Logs the given message with the given level.</doc>
<arguments>
<arg>testmessage3</arg>
</arguments>
<msg timestamp="20200426 12:10:08.806" level="INFO">testmessage3</msg>
<status status="PASS" starttime="20200426 12:10:08.806" endtime="20200426 12:10:08.806"></status>
</kw>
<kw name="Log" library="BuiltIn">
<doc>Logs the given message with the given level.</doc>
<arguments>
<arg>testmessage4</arg>
</arguments>
<msg timestamp="20200426 12:10:08.808" level="INFO">testmessage4</msg>
<status status="PASS" starttime="20200426 12:10:08.807" endtime="20200426 12:10:08.809"></status>
</kw>
<status status="PASS" starttime="20200426 12:10:08.802" endtime="20200426 12:10:08.811" critical="yes"></status>
</test>
<test id="s1-s1-t2" name="TC2">
<kw name="Log" library="BuiltIn">
<doc>Logs the given message with the given level.</doc>
<arguments>
<arg>testmessage1</arg>
</arguments>
<msg timestamp="20200426 12:10:08.813" level="INFO">testmessage1</msg>
<status status="PASS" starttime="20200426 12:10:08.813" endtime="20200426 12:10:08.813"></status>
</kw>
<kw name="Log" library="BuiltIn">
<doc>Logs the given message with the given level.</doc>
<arguments>
<arg>testmessage2</arg>
</arguments>
<msg timestamp="20200426 12:10:08.814" level="INFO">testmessage2</msg>
<status status="PASS" starttime="20200426 12:10:08.814" endtime="20200426 12:10:08.814"></status>
</kw>
<kw name="Log" library="BuiltIn">
<doc>Logs the given message with the given level.</doc>
<arguments>
<arg>testmessage3</arg>
</arguments>
<msg timestamp="20200426 12:10:08.816" level="INFO">testmessage3</msg>
<status status="PASS" starttime="20200426 12:10:08.815" endtime="20200426 12:10:08.816"></status>
</kw>
<kw name="Log" library="BuiltIn">
<doc>Logs the given message with the given level.</doc>
<arguments>
<arg>testmessage4</arg>
</arguments>
<msg timestamp="20200426 12:10:08.817" level="INFO">testmessage4</msg>
<status status="PASS" starttime="20200426 12:10:08.816" endtime="20200426 12:10:08.817"></status>
</kw>
<status status="PASS" starttime="20200426 12:10:08.812" endtime="20200426 12:10:08.817" critical="yes"></status>
</test>
<test id="s1-s1-t3" name="TC3">
<kw name="Log" library="BuiltIn">
<doc>Logs the given message with the given level.</doc>
<arguments>
<arg>testmessage1</arg>
</arguments>
<msg timestamp="20200426 12:10:08.820" level="INFO">testmessage1</msg>
<status status="PASS" starttime="20200426 12:10:08.819" endtime="20200426 12:10:08.820"></status>
</kw>
<kw name="Log" library="BuiltIn">
<doc>Logs the given message with the given level.</doc>
<arguments>
<arg>testmessage2</arg>
</arguments>
<msg timestamp="20200426 12:10:08.821" level="INFO">testmessage2</msg>
<status status="PASS" starttime="20200426 12:10:08.820" endtime="20200426 12:10:08.821"></status>
</kw>
<kw name="Log" library="BuiltIn">
<doc>Logs the given message with the given level.</doc>
<arguments>
<arg>testmessage3</arg>
</arguments>
<msg timestamp="20200426 12:10:08.822" level="INFO">testmessage3</msg>
<status status="PASS" starttime="20200426 12:10:08.822" endtime="20200426 12:10:08.822"></status>
</kw>
<kw name="Log" library="BuiltIn">
<doc>Logs the given message with the given level.</doc>
<arguments>
<arg>testmessage4</arg>
</arguments>
<msg timestamp="20200426 12:10:08.823" level="INFO">testmessage4</msg>
<status status="PASS" starttime="20200426 12:10:08.823" endtime="20200426 12:10:08.824"></status>
</kw>
<status status="PASS" starttime="20200426 12:10:08.818" endtime="20200426 12:10:08.824" critical="yes"></status>
</test>
<status status="PASS" starttime="20200426 12:10:08.798" endtime="20200426 12:10:08.825"></status>
</suite>
<status status="PASS" starttime="20200426 12:10:08.770" endtime="20200426 12:10:08.826"></status>
</suite>
<statistics>
<total>
<stat pass="3" fail="0">Critical Tasks</stat>
<stat pass="3" fail="0">All Tasks</stat>
</total>
<tag>
</tag>
<suite>
<stat pass="3" fail="0" id="s1" name="RobotFramework Python">RobotFramework Python</stat>
<stat pass="3" fail="0" id="s1-s1" name="TS2">RobotFramework Python.TS2</stat>
</suite>
</statistics>
<errors>
</errors>
</robot>
